10/10/24 (23:03:41) | ERROR: Incorrectly formatted hexadecimal rgb string: #${COLOR}
Traceback (most recent call last):
  File "/usr/bin/bpytop", line 1157, in __init__
    raise ValueError(f'Incorrectly formatted hexadecimal rgb string: {self.hexa}')
ValueError: Incorrectly formatted hexadecimal rgb string: #${COLOR}
10/10/24 (23:03:41) | ERROR: Incorrectly formatted hexadecimal rgb string: #$(printf 
Traceback (most recent call last):
  File "/usr/bin/bpytop", line 1157, in __init__
    raise ValueError(f'Incorrectly formatted hexadecimal rgb string: {self.hexa}')
ValueError: Incorrectly formatted hexadecimal rgb string: #$(printf 
10/10/24 (23:03:41) | ERROR: Incorrectly formatted hexadecimal rgb string: #$(printf 
Traceback (most recent call last):
  File "/usr/bin/bpytop", line 1157, in __init__
    raise ValueError(f'Incorrectly formatted hexadecimal rgb string: {self.hexa}')
ValueError: Incorrectly formatted hexadecimal rgb string: #$(printf 
10/10/24 (23:03:41) | ERROR: Incorrectly formatted hexadecimal rgb string: #$(printf 
Traceback (most recent call last):
  File "/usr/bin/bpytop", line 1157, in __init__
    raise ValueError(f'Incorrectly formatted hexadecimal rgb string: {self.hexa}')
ValueError: Incorrectly formatted hexadecimal rgb string: #$(printf 
10/10/24 (23:03:41) | ERROR: Incorrectly formatted hexadecimal rgb string: #$(printf 
Traceback (most recent call last):
  File "/usr/bin/bpytop", line 1157, in __init__
    raise ValueError(f'Incorrectly formatted hexadecimal rgb string: {self.hexa}')
ValueError: Incorrectly formatted hexadecimal rgb string: #$(printf 
10/10/24 (23:03:41) | ERROR: Incorrectly formatted hexadecimal rgb string: #${COLOR}
Traceback (most recent call last):
  File "/usr/bin/bpytop", line 1157, in __init__
    raise ValueError(f'Incorrectly formatted hexadecimal rgb string: {self.hexa}')
ValueError: Incorrectly formatted hexadecimal rgb string: #${COLOR}
10/10/24 (23:03:41) | ERROR: Incorrectly formatted hexadecimal rgb string: #$(printf 
Traceback (most recent call last):
  File "/usr/bin/bpytop", line 1157, in __init__
    raise ValueError(f'Incorrectly formatted hexadecimal rgb string: {self.hexa}')
ValueError: Incorrectly formatted hexadecimal rgb string: #$(printf 
10/10/24 (23:03:41) | ERROR: Incorrectly formatted hexadecimal rgb string: #$(printf 
Traceback (most recent call last):
  File "/usr/bin/bpytop", line 1157, in __init__
    raise ValueError(f'Incorrectly formatted hexadecimal rgb string: {self.hexa}')
ValueError: Incorrectly formatted hexadecimal rgb string: #$(printf 
10/10/24 (23:03:41) | ERROR: Incorrectly formatted hexadecimal rgb string: #$(printf 
Traceback (most recent call last):
  File "/usr/bin/bpytop", line 1157, in __init__
    raise ValueError(f'Incorrectly formatted hexadecimal rgb string: {self.hexa}')
ValueError: Incorrectly formatted hexadecimal rgb string: #$(printf 
10/10/24 (23:03:41) | ERROR: Incorrectly formatted hexadecimal rgb string: #$(printf 
Traceback (most recent call last):
  File "/usr/bin/bpytop", line 1157, in __init__
    raise ValueError(f'Incorrectly formatted hexadecimal rgb string: {self.hexa}')
ValueError: Incorrectly formatted hexadecimal rgb string: #$(printf 
10/10/24 (23:03:41) | ERROR: Incorrectly formatted hexadecimal rgb string: #$(printf 
Traceback (most recent call last):
  File "/usr/bin/bpytop", line 1157, in __init__
    raise ValueError(f'Incorrectly formatted hexadecimal rgb string: {self.hexa}')
ValueError: Incorrectly formatted hexadecimal rgb string: #$(printf 
10/10/24 (23:03:41) | ERROR: Incorrectly formatted hexadecimal rgb string: #$(printf 
Traceback (most recent call last):
  File "/usr/bin/bpytop", line 1157, in __init__
    raise ValueError(f'Incorrectly formatted hexadecimal rgb string: {self.hexa}')
ValueError: Incorrectly formatted hexadecimal rgb string: #$(printf 
10/10/24 (23:03:41) | ERROR: Incorrectly formatted hexadecimal rgb string: #$(printf 
Traceback (most recent call last):
  File "/usr/bin/bpytop", line 1157, in __init__
    raise ValueError(f'Incorrectly formatted hexadecimal rgb string: {self.hexa}')
ValueError: Incorrectly formatted hexadecimal rgb string: #$(printf 
10/10/24 (23:03:41) | ERROR: Incorrectly formatted hexadecimal rgb string: #$(printf 
Traceback (most recent call last):
  File "/usr/bin/bpytop", line 1157, in __init__
    raise ValueError(f'Incorrectly formatted hexadecimal rgb string: {self.hexa}')
ValueError: Incorrectly formatted hexadecimal rgb string: #$(printf 
10/10/24 (23:03:41) | ERROR: Incorrectly formatted hexadecimal rgb string: #$(printf 
Traceback (most recent call last):
  File "/usr/bin/bpytop", line 1157, in __init__
    raise ValueError(f'Incorrectly formatted hexadecimal rgb string: {self.hexa}')
ValueError: Incorrectly formatted hexadecimal rgb string: #$(printf 
10/10/24 (23:03:41) | ERROR: Incorrectly formatted hexadecimal rgb string: #$(printf 
Traceback (most recent call last):
  File "/usr/bin/bpytop", line 1157, in __init__
    raise ValueError(f'Incorrectly formatted hexadecimal rgb string: {self.hexa}')
ValueError: Incorrectly formatted hexadecimal rgb string: #$(printf 
10/10/24 (23:03:41) | ERROR: Incorrectly formatted hexadecimal rgb string: #$(printf 
Traceback (most recent call last):
  File "/usr/bin/bpytop", line 1157, in __init__
    raise ValueError(f'Incorrectly formatted hexadecimal rgb string: {self.hexa}')
ValueError: Incorrectly formatted hexadecimal rgb string: #$(printf 
10/10/24 (23:03:41) | ERROR: Incorrectly formatted hexadecimal rgb string: #$(printf 
Traceback (most recent call last):
  File "/usr/bin/bpytop", line 1157, in __init__
    raise ValueError(f'Incorrectly formatted hexadecimal rgb string: {self.hexa}')
ValueError: Incorrectly formatted hexadecimal rgb string: #$(printf 
10/10/24 (23:03:41) | ERROR: Incorrectly formatted hexadecimal rgb string: #$(printf 
Traceback (most recent call last):
  File "/usr/bin/bpytop", line 1157, in __init__
    raise ValueError(f'Incorrectly formatted hexadecimal rgb string: {self.hexa}')
ValueError: Incorrectly formatted hexadecimal rgb string: #$(printf 
10/10/24 (23:03:41) | ERROR: Incorrectly formatted hexadecimal rgb string: #$(printf 
Traceback (most recent call last):
  File "/usr/bin/bpytop", line 1157, in __init__
    raise ValueError(f'Incorrectly formatted hexadecimal rgb string: {self.hexa}')
ValueError: Incorrectly formatted hexadecimal rgb string: #$(printf 
10/10/24 (23:03:41) | ERROR: Incorrectly formatted hexadecimal rgb string: #$(printf 
Traceback (most recent call last):
  File "/usr/bin/bpytop", line 1157, in __init__
    raise ValueError(f'Incorrectly formatted hexadecimal rgb string: {self.hexa}')
ValueError: Incorrectly formatted hexadecimal rgb string: #$(printf 
10/10/24 (23:03:41) | ERROR: Incorrectly formatted hexadecimal rgb string: #$(printf 
Traceback (most recent call last):
  File "/usr/bin/bpytop", line 1157, in __init__
    raise ValueError(f'Incorrectly formatted hexadecimal rgb string: {self.hexa}')
ValueError: Incorrectly formatted hexadecimal rgb string: #$(printf 
10/10/24 (23:03:41) | ERROR: Incorrectly formatted hexadecimal rgb string: #$(printf 
Traceback (most recent call last):
  File "/usr/bin/bpytop", line 1157, in __init__
    raise ValueError(f'Incorrectly formatted hexadecimal rgb string: {self.hexa}')
ValueError: Incorrectly formatted hexadecimal rgb string: #$(printf 
10/10/24 (23:03:41) | ERROR: Incorrectly formatted hexadecimal rgb string: #$(printf 
Traceback (most recent call last):
  File "/usr/bin/bpytop", line 1157, in __init__
    raise ValueError(f'Incorrectly formatted hexadecimal rgb string: {self.hexa}')
ValueError: Incorrectly formatted hexadecimal rgb string: #$(printf 
10/10/24 (23:03:41) | ERROR: Incorrectly formatted hexadecimal rgb string: #$(printf 
Traceback (most recent call last):
  File "/usr/bin/bpytop", line 1157, in __init__
    raise ValueError(f'Incorrectly formatted hexadecimal rgb string: {self.hexa}')
ValueError: Incorrectly formatted hexadecimal rgb string: #$(printf 
10/10/24 (23:03:41) | ERROR: Incorrectly formatted hexadecimal rgb string: #$(printf 
Traceback (most recent call last):
  File "/usr/bin/bpytop", line 1157, in __init__
    raise ValueError(f'Incorrectly formatted hexadecimal rgb string: {self.hexa}')
ValueError: Incorrectly formatted hexadecimal rgb string: #$(printf 
10/10/24 (23:03:41) | ERROR: Incorrectly formatted hexadecimal rgb string: #$(printf 
Traceback (most recent call last):
  File "/usr/bin/bpytop", line 1157, in __init__
    raise ValueError(f'Incorrectly formatted hexadecimal rgb string: {self.hexa}')
ValueError: Incorrectly formatted hexadecimal rgb string: #$(printf 
10/10/24 (23:03:41) | ERROR: Incorrectly formatted hexadecimal rgb string: #$(printf 
Traceback (most recent call last):
  File "/usr/bin/bpytop", line 1157, in __init__
    raise ValueError(f'Incorrectly formatted hexadecimal rgb string: {self.hexa}')
ValueError: Incorrectly formatted hexadecimal rgb string: #$(printf 
10/10/24 (23:03:41) | ERROR: Incorrectly formatted hexadecimal rgb string: #$(printf 
Traceback (most recent call last):
  File "/usr/bin/bpytop", line 1157, in __init__
    raise ValueError(f'Incorrectly formatted hexadecimal rgb string: {self.hexa}')
ValueError: Incorrectly formatted hexadecimal rgb string: #$(printf 
10/10/24 (23:03:41) | ERROR: Incorrectly formatted hexadecimal rgb string: #$(printf 
Traceback (most recent call last):
  File "/usr/bin/bpytop", line 1157, in __init__
    raise ValueError(f'Incorrectly formatted hexadecimal rgb string: {self.hexa}')
ValueError: Incorrectly formatted hexadecimal rgb string: #$(printf 
10/10/24 (23:03:41) | ERROR: Incorrectly formatted hexadecimal rgb string: #$(printf 
Traceback (most recent call last):
  File "/usr/bin/bpytop", line 1157, in __init__
    raise ValueError(f'Incorrectly formatted hexadecimal rgb string: {self.hexa}')
ValueError: Incorrectly formatted hexadecimal rgb string: #$(printf 
10/10/24 (23:03:41) | ERROR: Incorrectly formatted hexadecimal rgb string: #$(printf 
Traceback (most recent call last):
  File "/usr/bin/bpytop", line 1157, in __init__
    raise ValueError(f'Incorrectly formatted hexadecimal rgb string: {self.hexa}')
ValueError: Incorrectly formatted hexadecimal rgb string: #$(printf 
10/10/24 (23:03:41) | ERROR: Incorrectly formatted hexadecimal rgb string: #$(printf 
Traceback (most recent call last):
  File "/usr/bin/bpytop", line 1157, in __init__
    raise ValueError(f'Incorrectly formatted hexadecimal rgb string: {self.hexa}')
ValueError: Incorrectly formatted hexadecimal rgb string: #$(printf 
10/10/24 (23:03:41) | ERROR: Incorrectly formatted hexadecimal rgb string: #$(printf 
Traceback (most recent call last):
  File "/usr/bin/bpytop", line 1157, in __init__
    raise ValueError(f'Incorrectly formatted hexadecimal rgb string: {self.hexa}')
ValueError: Incorrectly formatted hexadecimal rgb string: #$(printf 
10/10/24 (23:03:41) | ERROR: Incorrectly formatted hexadecimal rgb string: #$(printf 
Traceback (most recent call last):
  File "/usr/bin/bpytop", line 1157, in __init__
    raise ValueError(f'Incorrectly formatted hexadecimal rgb string: {self.hexa}')
ValueError: Incorrectly formatted hexadecimal rgb string: #$(printf 
10/10/24 (23:03:41) | ERROR: Incorrectly formatted hexadecimal rgb string: #$(printf 
Traceback (most recent call last):
  File "/usr/bin/bpytop", line 1157, in __init__
    raise ValueError(f'Incorrectly formatted hexadecimal rgb string: {self.hexa}')
ValueError: Incorrectly formatted hexadecimal rgb string: #$(printf 
10/10/24 (23:03:41) | ERROR: Incorrectly formatted hexadecimal rgb string: #$(printf 
Traceback (most recent call last):
  File "/usr/bin/bpytop", line 1157, in __init__
    raise ValueError(f'Incorrectly formatted hexadecimal rgb string: {self.hexa}')
ValueError: Incorrectly formatted hexadecimal rgb string: #$(printf 
10/10/24 (23:03:41) | ERROR: Incorrectly formatted hexadecimal rgb string: #$(printf 
Traceback (most recent call last):
  File "/usr/bin/bpytop", line 1157, in __init__
    raise ValueError(f'Incorrectly formatted hexadecimal rgb string: {self.hexa}')
ValueError: Incorrectly formatted hexadecimal rgb string: #$(printf 
10/10/24 (23:03:41) | ERROR: Incorrectly formatted hexadecimal rgb string: #$(printf 
Traceback (most recent call last):
  File "/usr/bin/bpytop", line 1157, in __init__
    raise ValueError(f'Incorrectly formatted hexadecimal rgb string: {self.hexa}')
ValueError: Incorrectly formatted hexadecimal rgb string: #$(printf 
10/10/24 (23:03:41) | ERROR: Incorrectly formatted hexadecimal rgb string: #$(printf 
Traceback (most recent call last):
  File "/usr/bin/bpytop", line 1157, in __init__
    raise ValueError(f'Incorrectly formatted hexadecimal rgb string: {self.hexa}')
ValueError: Incorrectly formatted hexadecimal rgb string: #$(printf 
10/10/24 (23:03:41) | ERROR: Incorrectly formatted hexadecimal rgb string: #$(printf 
Traceback (most recent call last):
  File "/usr/bin/bpytop", line 1157, in __init__
    raise ValueError(f'Incorrectly formatted hexadecimal rgb string: {self.hexa}')
ValueError: Incorrectly formatted hexadecimal rgb string: #$(printf 
10/10/24 (23:03:41) | ERROR: Incorrectly formatted hexadecimal rgb string: #$(printf 
Traceback (most recent call last):
  File "/usr/bin/bpytop", line 1157, in __init__
    raise ValueError(f'Incorrectly formatted hexadecimal rgb string: {self.hexa}')
ValueError: Incorrectly formatted hexadecimal rgb string: #$(printf 
10/10/24 (23:03:41) | ERROR: 'Color' object has no attribute 'dec'
Traceback (most recent call last):
  File "/usr/bin/bpytop", line 5581, in main
    THEME = Theme(CONFIG.color_theme)
            ^^^^^^^^^^^^^^^^^^^^^^^^^
  File "/usr/bin/bpytop", line 1285, in __init__
    self._load_theme(theme)
  File "/usr/bin/bpytop", line 1331, in _load_theme
    rgb = { "start" : getattr(self, f'{name}_start').dec, "mid" : getattr(self, f'{name}_mid').dec, "end" : getattr(self, f'{name}_end').dec }
                      ^^^^^^^^^^^^^^^^^^^^^^^^^^^^^^^^^^
AttributeError: 'Color' object has no attribute 'dec'
10/10/24 (23:03:41) | WARNING: Exiting with errorcode (1). Runtime 0:00:00 

